[debug] [2021-03-10T14:53:41.573Z] ----------------------------------------------------------------------
[debug] [2021-03-10T14:53:41.575Z] Command:       /usr/local/bin/firebase /home/fastcomm/.cache/firebase/tools/lib/node_modules/firebase-tools/lib/bin/firebase init hosting
[debug] [2021-03-10T14:53:41.575Z] CLI Version:   9.6.0
[debug] [2021-03-10T14:53:41.575Z] Platform:      linux
[debug] [2021-03-10T14:53:41.575Z] Node Version:  v12.18.1
[debug] [2021-03-10T14:53:41.576Z] Time:          Wed Mar 10 2021 16:53:41 GMT+0200 (South Africa Standard Time)
[debug] [2021-03-10T14:53:41.576Z] ----------------------------------------------------------------------
[debug] [2021-03-10T14:53:41.576Z] 
[debug] [2021-03-10T14:53:41.581Z] > command requires scopes: ["email","openid","https://www.googleapis.com/auth/cloudplatformprojects.readonly","https://www.googleapis.com/auth/firebase","https://www.googleapis.com/auth/cloud-platform"]
[debug] [2021-03-10T14:53:41.582Z] > authorizing via signed-in user
[info] 
     ######## #### ########  ######## ########     ###     ######  ########
     ##        ##  ##     ## ##       ##     ##  ##   ##  ##       ##
     ######    ##  ########  ######   ########  #########  ######  ######
     ##        ##  ##    ##  ##       ##     ## ##     ##       ## ##
     ##       #### ##     ## ######## ########  ##     ##  ######  ########

You're about to initialize a Firebase project in this directory:

  /home/fastcomm/Johan/angular-project

Before we get started, keep in mind:

  * You are initializing in an existing Firebase project directory

[info] 
=== Project Setup
[info] 
[info] First, let's associate this project directory with a Firebase project.
[info] You can create multiple project aliases by running firebase use --add, 
[info] but for now we'll just set up a default project.
[info] 
[debug] [2021-03-10T14:53:41.589Z] >>> [apiv2][query] GET https://firebase.googleapis.com/v1beta1/projects/prod [none]
[debug] [2021-03-10T14:53:47.353Z] <<< [apiv2][status] GET https://firebase.googleapis.com/v1beta1/projects/prod 403
[debug] [2021-03-10T14:53:47.353Z] <<< [apiv2][body] GET https://firebase.googleapis.com/v1beta1/projects/prod {"error":{"code":403,"message":"The caller does not have permission","status":"PERMISSION_DENIED"}}
[debug] [2021-03-10T14:53:47.354Z] HTTP Error: 403, The caller does not have permission
[debug] [2021-03-10T14:53:47.787Z] FirebaseError: HTTP Error: 403, The caller does not have permission
    at module.exports (/home/fastcomm/.cache/firebase/tools/lib/node_modules/firebase-tools/lib/responseToError.js:38:12)
    at Client.doRequest (/home/fastcomm/.cache/firebase/tools/lib/node_modules/firebase-tools/lib/apiv2.js:238:23)
    at processTicksAndRejections (internal/process/task_queues.js:97:5)
    at async Client.request (/home/fastcomm/.cache/firebase/tools/lib/node_modules/firebase-tools/lib/apiv2.js:96:20)
    at async Object.getFirebaseProject (/home/fastcomm/.cache/firebase/tools/lib/node_modules/firebase-tools/lib/management/projects.js:289:21)
    at async Object.doSetup [as project] (/home/fastcomm/.cache/firebase/tools/lib/node_modules/firebase-tools/lib/init/features/project.js:84:27)
    at async init (/home/fastcomm/.cache/firebase/tools/lib/node_modules/firebase-tools/lib/init/index.js:19:9)
[error] 
[error] Error: Failed to get Firebase project prod. Please make sure the project exists and your account has permission to access it.
[debug] [2021-03-10T14:54:46.761Z] ----------------------------------------------------------------------
[debug] [2021-03-10T14:54:46.763Z] Command:       /usr/local/bin/firebase /home/fastcomm/.cache/firebase/tools/lib/node_modules/firebase-tools/lib/bin/firebase init hosting
[debug] [2021-03-10T14:54:46.763Z] CLI Version:   9.6.0
[debug] [2021-03-10T14:54:46.764Z] Platform:      linux
[debug] [2021-03-10T14:54:46.764Z] Node Version:  v12.18.1
[debug] [2021-03-10T14:54:46.764Z] Time:          Wed Mar 10 2021 16:54:46 GMT+0200 (South Africa Standard Time)
[debug] [2021-03-10T14:54:46.764Z] ----------------------------------------------------------------------
[debug] [2021-03-10T14:54:46.764Z] 
[debug] [2021-03-10T14:54:46.768Z] > command requires scopes: ["email","openid","https://www.googleapis.com/auth/cloudplatformprojects.readonly","https://www.googleapis.com/auth/firebase","https://www.googleapis.com/auth/cloud-platform"]
[debug] [2021-03-10T14:54:46.768Z] > authorizing via signed-in user
[info] 
     ######## #### ########  ######## ########     ###     ######  ########
     ##        ##  ##     ## ##       ##     ##  ##   ##  ##       ##
     ######    ##  ########  ######   ########  #########  ######  ######
     ##        ##  ##    ##  ##       ##     ## ##     ##       ## ##
     ##       #### ##     ## ######## ########  ##     ##  ######  ########

You're about to initialize a Firebase project in this directory:

  /home/fastcomm/Johan/angular-project

Before we get started, keep in mind:

  * You are initializing in an existing Firebase project directory

[info] 
=== Project Setup
[info] 
[info] First, let's associate this project directory with a Firebase project.
[info] You can create multiple project aliases by running firebase use --add, 
[info] but for now we'll just set up a default project.
[info] 
[debug] [2021-03-10T14:54:46.775Z] >>> [apiv2][query] GET https://firebase.googleapis.com/v1beta1/projects/prod [none]
[debug] [2021-03-10T14:54:47.491Z] <<< [apiv2][status] GET https://firebase.googleapis.com/v1beta1/projects/prod 403
[debug] [2021-03-10T14:54:47.492Z] <<< [apiv2][body] GET https://firebase.googleapis.com/v1beta1/projects/prod {"error":{"code":403,"message":"The caller does not have permission","status":"PERMISSION_DENIED"}}
[debug] [2021-03-10T14:54:47.494Z] HTTP Error: 403, The caller does not have permission
[debug] [2021-03-10T14:54:48.064Z] FirebaseError: HTTP Error: 403, The caller does not have permission
    at module.exports (/home/fastcomm/.cache/firebase/tools/lib/node_modules/firebase-tools/lib/responseToError.js:38:12)
    at Client.doRequest (/home/fastcomm/.cache/firebase/tools/lib/node_modules/firebase-tools/lib/apiv2.js:238:23)
    at processTicksAndRejections (internal/process/task_queues.js:97:5)
    at async Client.request (/home/fastcomm/.cache/firebase/tools/lib/node_modules/firebase-tools/lib/apiv2.js:96:20)
    at async Object.getFirebaseProject (/home/fastcomm/.cache/firebase/tools/lib/node_modules/firebase-tools/lib/management/projects.js:289:21)
    at async Object.doSetup [as project] (/home/fastcomm/.cache/firebase/tools/lib/node_modules/firebase-tools/lib/init/features/project.js:84:27)
    at async init (/home/fastcomm/.cache/firebase/tools/lib/node_modules/firebase-tools/lib/init/index.js:19:9)
[error] 
[error] Error: Failed to get Firebase project prod. Please make sure the project exists and your account has permission to access it.
